2026-03-07 10:02:32,159 - INFO - \u2705 Login OK
2026-03-07 10:02:38,580 - INFO - \U0001f3af Map: center=24450, tracking=150 (▒2000)
2026-03-07 10:02:38,591 - INFO - \U0001f517 WebSocket connectingģ
2026-03-07 10:02:38,595 - INFO - \u23f3 Aggregator started
2026-03-07 10:02:39,213 - INFO - Websocket connected
2026-03-07 10:03:00,022 - INFO - \U0001f4be 10:02 Spot:24450.45 Health:100% Fut:\u2705
2026-03-07 10:04:00,017 - INFO - \U0001f4be 10:03 Spot:24450.45 Health:0% Fut:\u2705
2026-03-07 10:05:00,018 - INFO - \U0001f4be 10:04 Spot:24450.45 Health:0% Fut:Ś
2026-03-07 10:06:00,016 - INFO - \U0001f4be 10:05 Spot:24450.45 Health:0% Fut:Ś
2026-03-07 10:07:00,016 - INFO - \U0001f4be 10:06 Spot:24450.45 Health:0% Fut:Ś
2026-03-07 10:08:00,023 - INFO - \U0001f4be 10:07 Spot:24450.45 Health:0% Fut:Ś
2026-03-07 10:09:00,023 - INFO - \U0001f4be 10:08 Spot:24450.45 Health:0% Fut:Ś
2026-03-07 10:10:00,016 - INFO - \U0001f4be 10:09 Spot:24450.45 Health:0% Fut:Ś
2026-03-07 10:11:00,015 - INFO - \U0001f4be 10:10 Spot:24450.45 Health:0% Fut:Ś
2026-03-07 10:12:00,020 - INFO - \U0001f4be 10:11 Spot:24450.45 Health:0% Fut:Ś
2026-03-07 10:13:00,005 - INFO - \U0001f4be 10:12 Spot:24450.45 Health:0% Fut:Ś
2026-03-07 10:14:00,019 - INFO - \U0001f4be 10:13 Spot:24450.45 Health:0% Fut:Ś
2026-03-07 10:15:00,015 - INFO - \U0001f4be 10:14 Spot:24450.45 Health:0% Fut:Ś
2026-03-07 10:16:00,017 - INFO - \U0001f4be 10:15 Spot:24450.45 Health:0% Fut:Ś
2026-03-07 10:17:00,018 - INFO - \U0001f4be 10:16 Spot:24450.45 Health:0% Fut:Ś
2026-03-07 10:18:00,032 - INFO - \U0001f4be 10:17 Spot:24450.45 Health:0% Fut:Ś
2026-03-07 10:19:00,002 - INFO - \U0001f4be 10:18 Spot:24450.45 Health:0% Fut:Ś
2026-03-07 10:20:00,017 - INFO - \U0001f4be 10:19 Spot:24450.45 Health:0% Fut:Ś
2026-03-07 10:21:00,007 - INFO - \U0001f4be 10:20 Spot:24450.45 Health:0% Fut:Ś
2026-03-07 10:22:00,025 - INFO - \U0001f4be 10:21 Spot:24450.45 Health:0% Fut:Ś
2026-03-07 10:23:00,020 - INFO - \U0001f4be 10:22 Spot:24450.45 Health:0% Fut:Ś
2026-03-07 10:24:00,017 - INFO - \U0001f4be 10:23 Spot:24450.45 Health:0% Fut:Ś
2026-03-07 10:25:00,017 - INFO - \U0001f4be 10:24 Spot:24450.45 Health:0% Fut:Ś
2026-03-07 10:26:00,005 - INFO - \U0001f4be 10:25 Spot:24450.45 Health:0% Fut:Ś
2026-03-07 10:27:00,018 - INFO - \U0001f4be 10:26 Spot:24450.45 Health:0% Fut:Ś
2026-03-07 10:28:00,016 - INFO - \U0001f4be 10:27 Spot:24450.45 Health:0% Fut:Ś
2026-03-07 10:29:00,017 - INFO - \U0001f4be 10:28 Spot:24450.45 Health:0% Fut:Ś
2026-03-07 10:30:00,015 - INFO - \U0001f4be 10:29 Spot:24450.45 Health:0% Fut:Ś
2026-03-07 10:31:00,020 - INFO - \U0001f4be 10:30 Spot:24450.45 Health:0% Fut:Ś
2026-03-07 10:32:00,018 - INFO - \U0001f4be 10:31 Spot:24450.45 Health:0% Fut:Ś
2026-03-07 10:33:00,018 - INFO - \U0001f4be 10:32 Spot:24450.45 Health:0% Fut:Ś
2026-03-07 10:34:00,013 - INFO - \U0001f4be 10:33 Spot:24450.45 Health:0% Fut:Ś
2026-03-07 10:35:00,007 - INFO - \U0001f4be 10:34 Spot:24450.45 Health:0% Fut:Ś
2026-03-07 10:36:00,018 - INFO - \U0001f4be 10:35 Spot:24450.45 Health:0% Fut:Ś
2026-03-07 10:37:00,011 - INFO - \U0001f4be 10:36 Spot:24450.45 Health:0% Fut:Ś
2026-03-07 10:37:00,924 - INFO - tearing down on exception 
2026-03-07 10:37:01,003 - ERROR - error from callback <bound method SmartWebSocketV2._on_close of <SmartApi.smartWebSocketV2.SmartWebSocketV2 object at 0x000001F75D780210>>: SmartWebSocketV2._on_close() takes 2 positional arguments but 4 were given
2026-03-07 10:37:01,003 - ERROR - \U0001f525 Crash: SmartWebSocketV2.on_error() takes 1 positional argument but 3 were given. Restarting in 5sģ
2026-03-07 10:38:18,421 - INFO - \u2705 Login OK
2026-03-07 10:38:20,792 - INFO - \U0001f3af Map: center=24450, tracking=150 (▒2000)
2026-03-07 10:38:20,799 - INFO - \U0001f517 WebSocket connectingģ
2026-03-07 10:38:20,804 - INFO - \u23f3 Aggregator started
2026-03-07 10:38:21,387 - INFO - Websocket connected
2026-03-07 10:39:00,003 - INFO - \U0001f4be 10:38 Spot:24450.45 Health:100% Fut:\u2705
2026-03-07 10:39:32,618 - INFO - tearing down on exception 
2026-03-07 10:39:32,758 - ERROR - error from callback <bound method SmartWebSocketV2._on_close of <SmartApi.smartWebSocketV2.SmartWebSocketV2 object at 0x000001FA7F502750>>: SmartWebSocketV2._on_close() takes 2 positional arguments but 4 were given
2026-03-07 10:39:32,764 - ERROR - \U0001f525 Crash: SmartWebSocketV2.on_error() takes 1 positional argument but 3 were given. Restarting in 5sģ
2026-03-07 23:43:31,737 - INFO - \u2705 Login OK
2026-03-07 23:43:34,375 - INFO - \U0001f3af Map: center=24450, tracking=150 (▒2000)
2026-03-07 23:43:34,375 - INFO - \U0001f517 WebSocket connectingģ
2026-03-07 23:43:34,375 - INFO - \u23f3 Aggregator started
2026-03-07 23:43:35,208 - INFO - Websocket connected
2026-03-07 23:44:00,034 - INFO - \U0001f4be 23:43 Spot:24450.45 Health:100% Fut:\u2705
2026-03-07 23:45:00,021 - INFO - \U0001f4be 23:44 Spot:24450.45 Health:100% Fut:\u2705
2026-03-07 23:46:00,018 - INFO - \U0001f4be 23:45 Spot:24450.45 Health:100% Fut:Ś
2026-03-07 23:47:00,024 - INFO - \U0001f4be 23:46 Spot:24450.45 Health:100% Fut:Ś
2026-03-07 23:48:00,002 - INFO - \U0001f4be 23:47 Spot:24450.45 Health:100% Fut:Ś
2026-03-07 23:49:00,016 - INFO - \U0001f4be 23:48 Spot:24450.45 Health:100% Fut:Ś
2026-03-07 23:50:00,019 - INFO - \U0001f4be 23:49 Spot:24450.45 Health:100% Fut:Ś
2026-03-07 23:51:00,019 - INFO - \U0001f4be 23:50 Spot:24450.45 Health:100% Fut:Ś
2026-03-07 23:52:00,017 - INFO - \U0001f4be 23:51 Spot:24450.45 Health:100% Fut:Ś
2026-03-07 23:53:00,004 - INFO - \U0001f4be 23:52 Spot:24450.45 Health:100% Fut:Ś
2026-03-07 23:54:00,015 - INFO - \U0001f4be 23:53 Spot:24450.45 Health:100% Fut:Ś
2026-03-09 12:28:36,189 - INFO - \u2705 Login OK
2026-03-09 12:28:47,502 - INFO - \U0001f3af Map: center=23850, tracking=126 (▒2000)
2026-03-09 12:28:47,508 - INFO - \U0001f517 WebSocket connectingģ
2026-03-09 12:28:47,510 - INFO - \u23f3 Aggregator started
2026-03-09 12:28:48,293 - INFO - Websocket connected
2026-03-09 12:29:00,006 - INFO - \U0001f4be 12:28 Spot:23860.55 Health:100% Fut:\u2705
2026-03-09 12:30:00,004 - INFO - \U0001f4be 12:29 Spot:23861.1 Health:100% Fut:\u2705
2026-03-09 12:31:00,001 - INFO - \U0001f4be 12:30 Spot:23867.2 Health:100% Fut:\u2705
2026-03-09 12:32:00,003 - INFO - \U0001f4be 12:31 Spot:23869.05 Health:100% Fut:\u2705
2026-03-09 12:33:00,001 - INFO - \U0001f4be 12:32 Spot:23850.5 Health:100% Fut:\u2705
2026-03-09 12:34:00,005 - INFO - \U0001f4be 12:33 Spot:23854.2 Health:100% Fut:\u2705
2026-03-09 12:35:00,011 - INFO - \U0001f4be 12:34 Spot:23844.9 Health:100% Fut:\u2705
2026-03-09 12:36:00,004 - INFO - \U0001f4be 12:35 Spot:23841.05 Health:100% Fut:\u2705
2026-03-09 12:37:00,005 - INFO - \U0001f4be 12:36 Spot:23847.2 Health:100% Fut:\u2705
2026-03-09 12:38:00,004 - INFO - \U0001f4be 12:37 Spot:23856.65 Health:100% Fut:\u2705
2026-03-09 12:39:00,004 - INFO - \U0001f4be 12:38 Spot:23854.4 Health:99% Fut:\u2705
2026-03-09 12:40:00,001 - INFO - \U0001f4be 12:39 Spot:23865.55 Health:100% Fut:\u2705
2026-03-09 12:41:00,005 - INFO - \U0001f4be 12:40 Spot:23865.35 Health:100% Fut:\u2705
2026-03-09 12:42:00,007 - INFO - \U0001f4be 12:41 Spot:23873.5 Health:100% Fut:\u2705
2026-03-09 12:43:00,004 - INFO - \U0001f4be 12:42 Spot:23868.4 Health:99% Fut:\u2705
2026-03-09 12:43:36,063 - ERROR - error from callback <bound method SmartWebSocketV2._on_error of <SmartApi.smartWebSocketV2.SmartWebSocketV2 object at 0x0000018602EEC890>>: SmartWebSocketV2.on_error() takes 1 positional argument but 3 were given
2026-03-09 12:43:36,063 - ERROR - [WinError 10013] An attempt was made to access a socket in a way forbidden by its access permissions - goodbye
2026-03-09 12:43:36,063 - ERROR - error from callback <bound method SmartWebSocketV2._on_close of <SmartApi.smartWebSocketV2.SmartWebSocketV2 object at 0x0000018602EEC890>>: SmartWebSocketV2._on_close() takes 2 positional arguments but 4 were given
2026-03-09 12:43:36,063 - INFO - tearing down on exception SmartWebSocketV2.on_error() takes 1 positional argument but 3 were given
2026-03-09 12:43:36,063 - ERROR - Connection to remote host was lost. - goodbye
2026-03-09 12:43:36,068 - ERROR - error from callback <bound method SmartWebSocketV2._on_close of <SmartApi.smartWebSocketV2.SmartWebSocketV2 object at 0x0000018602EEC890>>: SmartWebSocketV2._on_close() takes 2 positional arguments but 4 were given
2026-03-09 12:43:36,068 - INFO - tearing down on exception SmartWebSocketV2.on_error() takes 1 positional argument but 3 were given
2026-03-09 12:43:36,247 - ERROR - \u274c Login Failed: HTTPSConnectionPool(host='apiconnect.angelone.in', port=443): Max retries exceeded with url: /rest/auth/angelbroking/user/v1/loginByPassword (Caused by NewConnectionError("HTTPSConnection(host='apiconnect.angelone.in', port=443): Failed to establish a new connection: [WinError 10013] An attempt was made to access a socket in a way forbidden by its access permissions"))
2026-03-09 12:43:49,415 - INFO - \u2705 Login OK
2026-03-09 12:43:51,625 - INFO - \U0001f3af Map: center=23900, tracking=128 (▒2000)
2026-03-09 12:43:51,627 - INFO - \U0001f517 WebSocket connectingģ
2026-03-09 12:43:52,067 - INFO - Websocket connected
2026-03-09 12:44:00,001 - INFO - \U0001f4be 12:43 Spot:23877.7 Health:100% Fut:\u2705
2026-03-09 12:45:00,008 - INFO - \U0001f4be 12:44 Spot:23872.55 Health:100% Fut:\u2705
2026-03-09 12:46:00,001 - INFO - \U0001f4be 12:45 Spot:23881.25 Health:99% Fut:\u2705
2026-03-09 12:47:00,006 - INFO - \U0001f4be 12:46 Spot:23877.65 Health:100% Fut:\u2705
2026-03-09 12:48:00,008 - INFO - \U0001f4be 12:47 Spot:23874.45 Health:100% Fut:\u2705
2026-03-09 12:49:00,008 - INFO - \U0001f4be 12:48 Spot:23861.8 Health:100% Fut:\u2705
2026-03-09 12:50:00,006 - INFO - \U0001f4be 12:49 Spot:23854.3 Health:100% Fut:\u2705
2026-03-09 12:51:00,010 - INFO - \U0001f4be 12:50 Spot:23858.0 Health:100% Fut:\u2705
2026-03-09 12:52:00,002 - INFO - \U0001f4be 12:51 Spot:23866.95 Health:100% Fut:\u2705
2026-03-09 12:53:00,009 - INFO - \U0001f4be 12:52 Spot:23859.5 Health:100% Fut:\u2705
2026-03-09 12:54:00,008 - INFO - \U0001f4be 12:53 Spot:23884.25 Health:100% Fut:\u2705
2026-03-09 12:55:00,008 - INFO - \U0001f4be 12:54 Spot:23888.05 Health:100% Fut:\u2705
2026-03-09 12:56:00,009 - INFO - \U0001f4be 12:55 Spot:23890.45 Health:100% Fut:\u2705
2026-03-09 12:57:00,000 - INFO - \U0001f4be 12:56 Spot:23895.0 Health:100% Fut:\u2705
2026-03-09 12:58:00,011 - INFO - \U0001f4be 12:57 Spot:23907.15 Health:100% Fut:\u2705
2026-03-09 12:59:00,016 - INFO - \U0001f4be 12:58 Spot:23902.85 Health:100% Fut:\u2705
2026-03-09 13:00:00,017 - INFO - \U0001f4be 12:59 Spot:23908.4 Health:100% Fut:\u2705
2026-03-09 13:01:00,016 - INFO - \U0001f4be 13:00 Spot:23901.45 Health:100% Fut:\u2705
2026-03-09 13:02:00,016 - INFO - \U0001f4be 13:01 Spot:23914.3 Health:100% Fut:\u2705
2026-03-09 13:03:00,013 - INFO - \U0001f4be 13:02 Spot:23915.45 Health:99% Fut:\u2705
2026-03-09 13:04:00,015 - INFO - \U0001f4be 13:03 Spot:23905.3 Health:100% Fut:\u2705
2026-03-09 13:05:00,017 - INFO - \U0001f4be 13:04 Spot:23913.95 Health:100% Fut:\u2705
2026-03-09 13:06:00,003 - INFO - \U0001f4be 13:05 Spot:23909.2 Health:100% Fut:\u2705
2026-03-09 13:07:00,016 - INFO - \U0001f4be 13:06 Spot:23907.3 Health:100% Fut:\u2705
2026-03-09 13:08:00,013 - INFO - \U0001f4be 13:07 Spot:23902.35 Health:100% Fut:\u2705
2026-03-09 13:09:00,017 - INFO - \U0001f4be 13:08 Spot:23896.05 Health:100% Fut:\u2705
2026-03-09 13:10:00,019 - INFO - \U0001f4be 13:09 Spot:23895.05 Health:100% Fut:\u2705
2026-03-09 13:11:00,003 - INFO - \U0001f4be 13:10 Spot:23898.7 Health:100% Fut:\u2705
2026-03-09 13:12:00,018 - INFO - \U0001f4be 13:11 Spot:23893.35 Health:100% Fut:\u2705
2026-03-09 13:13:00,019 - INFO - \U0001f4be 13:12 Spot:23892.6 Health:100% Fut:\u2705
2026-03-09 13:14:00,017 - INFO - \U0001f4be 13:13 Spot:23867.1 Health:100% Fut:\u2705
2026-03-09 13:15:00,015 - INFO - \U0001f4be 13:14 Spot:23870.8 Health:100% Fut:\u2705
2026-03-09 13:16:00,020 - INFO - \U0001f4be 13:15 Spot:23878.3 Health:100% Fut:\u2705
2026-03-09 13:17:00,006 - INFO - \U0001f4be 13:16 Spot:23873.35 Health:100% Fut:\u2705
2026-03-09 13:18:00,001 - INFO - \U0001f4be 13:17 Spot:23862.35 Health:100% Fut:\u2705
2026-03-09 13:19:00,007 - INFO - \U0001f4be 13:18 Spot:23857.85 Health:100% Fut:\u2705
2026-03-09 13:20:00,015 - INFO - \U0001f4be 13:19 Spot:23862.2 Health:100% Fut:\u2705
2026-03-09 13:21:00,021 - INFO - \U0001f4be 13:20 Spot:23900.9 Health:100% Fut:\u2705
2026-03-09 13:22:00,007 - INFO - \U0001f4be 13:21 Spot:23868.6 Health:100% Fut:\u2705
2026-03-09 13:23:00,008 - INFO - \U0001f4be 13:22 Spot:23868.0 Health:100% Fut:\u2705
2026-03-09 13:24:00,014 - INFO - \U0001f4be 13:23 Spot:23875.95 Health:99% Fut:\u2705
2026-03-09 13:25:00,018 - INFO - \U0001f4be 13:24 Spot:23866.7 Health:100% Fut:\u2705
2026-03-09 13:26:00,001 - INFO - \U0001f4be 13:25 Spot:23876.2 Health:100% Fut:\u2705
2026-03-09 13:27:00,002 - INFO - \U0001f4be 13:26 Spot:23896.9 Health:100% Fut:\u2705
2026-03-09 13:28:00,007 - INFO - \U0001f4be 13:27 Spot:23899.6 Health:100% Fut:\u2705
2026-03-09 13:29:00,004 - INFO - \U0001f4be 13:28 Spot:23900.5 Health:100% Fut:\u2705
2026-03-09 13:30:00,016 - INFO - \U0001f4be 13:29 Spot:23880.6 Health:98% Fut:\u2705
2026-03-09 13:31:00,014 - INFO - \U0001f4be 13:30 Spot:23892.65 Health:100% Fut:\u2705
2026-03-09 13:32:00,021 - INFO - \U0001f4be 13:31 Spot:23898.55 Health:100% Fut:\u2705
2026-03-09 13:33:00,007 - INFO - \U0001f4be 13:32 Spot:23901.0 Health:100% Fut:\u2705
2026-03-09 13:34:00,009 - INFO - \U0001f4be 13:33 Spot:23931.3 Health:100% Fut:\u2705
2026-03-09 13:35:00,016 - INFO - \U0001f4be 13:34 Spot:23913.0 Health:100% Fut:\u2705
2026-03-09 13:36:00,019 - INFO - \U0001f4be 13:35 Spot:23905.85 Health:100% Fut:\u2705
2026-03-09 13:37:00,019 - INFO - \U0001f4be 13:36 Spot:23897.25 Health:100% Fut:\u2705
2026-03-09 13:38:00,020 - INFO - \U0001f4be 13:37 Spot:23893.65 Health:98% Fut:\u2705
2026-03-09 13:39:00,018 - INFO - \U0001f4be 13:38 Spot:23900.5 Health:100% Fut:\u2705
2026-03-09 13:40:00,015 - INFO - \U0001f4be 13:39 Spot:23909.8 Health:100% Fut:\u2705
2026-03-09 13:41:00,017 - INFO - \U0001f4be 13:40 Spot:23911.1 Health:100% Fut:\u2705
2026-03-09 13:42:00,018 - INFO - \U0001f4be 13:41 Spot:23910.75 Health:100% Fut:\u2705
2026-03-09 13:43:00,018 - INFO - \U0001f4be 13:42 Spot:23905.7 Health:100% Fut:\u2705
2026-03-09 13:44:00,018 - INFO - \U0001f4be 13:43 Spot:23909.2 Health:100% Fut:\u2705
2026-03-09 13:45:00,007 - INFO - \U0001f4be 13:44 Spot:23904.65 Health:99% Fut:\u2705
2026-03-09 13:46:00,007 - INFO - \U0001f4be 13:45 Spot:23895.85 Health:100% Fut:\u2705
2026-03-09 13:47:00,004 - INFO - \U0001f4be 13:46 Spot:23880.55 Health:100% Fut:\u2705
2026-03-09 13:48:00,005 - INFO - \U0001f4be 13:47 Spot:23891.3 Health:100% Fut:\u2705
2026-03-09 13:49:00,003 - INFO - \U0001f4be 13:48 Spot:23892.35 Health:100% Fut:\u2705
2026-03-09 13:50:00,004 - INFO - \U0001f4be 13:49 Spot:23886.2 Health:100% Fut:\u2705
2026-03-09 13:51:00,006 - INFO - \U0001f4be 13:50 Spot:23886.35 Health:99% Fut:\u2705
2026-03-09 13:52:00,009 - INFO - \U0001f4be 13:51 Spot:23885.6 Health:98% Fut:\u2705
2026-03-09 13:53:00,005 - INFO - \U0001f4be 13:52 Spot:23907.9 Health:100% Fut:\u2705
2026-03-09 13:54:00,004 - INFO - \U0001f4be 13:53 Spot:23907.2 Health:100% Fut:\u2705
2026-03-09 13:55:00,001 - INFO - \U0001f4be 13:54 Spot:23900.75 Health:100% Fut:\u2705
2026-03-09 13:56:00,007 - INFO - \U0001f4be 13:55 Spot:23904.45 Health:100% Fut:\u2705
2026-03-09 13:57:00,000 - INFO - \U0001f4be 13:56 Spot:23907.5 Health:100% Fut:\u2705
2026-03-09 13:58:00,007 - INFO - \U0001f4be 13:57 Spot:23905.95 Health:100% Fut:\u2705
2026-03-09 13:59:00,005 - INFO - \U0001f4be 13:58 Spot:23885.45 Health:100% Fut:\u2705
2026-03-09 14:00:00,019 - INFO - \U0001f4be 13:59 Spot:23878.4 Health:100% Fut:\u2705
2026-03-09 14:01:00,006 - INFO - \U0001f4be 14:00 Spot:23870.45 Health:100% Fut:\u2705
2026-03-09 14:02:00,013 - INFO - \U0001f4be 14:01 Spot:23869.05 Health:100% Fut:\u2705
2026-03-09 14:03:00,000 - INFO - \U0001f4be 14:02 Spot:23864.8 Health:100% Fut:\u2705
2026-03-09 14:04:00,012 - INFO - \U0001f4be 14:03 Spot:23878.75 Health:100% Fut:\u2705
2026-03-09 14:05:00,003 - INFO - \U0001f4be 14:04 Spot:23883.25 Health:100% Fut:\u2705
2026-03-09 14:06:00,013 - INFO - \U0001f4be 14:05 Spot:23878.3 Health:100% Fut:\u2705
2026-03-09 14:07:00,004 - INFO - \U0001f4be 14:06 Spot:23883.3 Health:100% Fut:\u2705
2026-03-09 14:08:00,014 - INFO - \U0001f4be 14:07 Spot:23890.05 Health:100% Fut:\u2705
2026-03-09 14:09:00,010 - INFO - \U0001f4be 14:08 Spot:23892.85 Health:100% Fut:\u2705
2026-03-09 14:10:00,000 - INFO - \U0001f4be 14:09 Spot:23894.45 Health:100% Fut:\u2705
2026-03-09 14:11:00,012 - INFO - \U0001f4be 14:10 Spot:23902.8 Health:100% Fut:\u2705
2026-03-09 14:12:00,006 - INFO - \U0001f4be 14:11 Spot:23895.6 Health:100% Fut:\u2705
2026-03-09 14:13:00,004 - INFO - \U0001f4be 14:12 Spot:23901.8 Health:100% Fut:\u2705
2026-03-09 14:14:00,004 - INFO - \U0001f4be 14:13 Spot:23889.5 Health:100% Fut:\u2705
2026-03-09 14:15:00,019 - INFO - \U0001f4be 14:14 Spot:23880.55 Health:100% Fut:\u2705
2026-03-09 14:16:00,008 - INFO - \U0001f4be 14:15 Spot:23871.45 Health:100% Fut:\u2705
2026-03-09 14:17:00,006 - INFO - \U0001f4be 14:16 Spot:23875.35 Health:100% Fut:\u2705
2026-03-09 14:18:00,005 - INFO - \U0001f4be 14:17 Spot:23868.5 Health:100% Fut:\u2705
2026-03-09 14:19:00,010 - INFO - \U0001f4be 14:18 Spot:23878.45 Health:100% Fut:\u2705
2026-03-09 14:20:00,019 - INFO - \U0001f4be 14:19 Spot:23876.45 Health:100% Fut:\u2705
2026-03-09 14:21:00,007 - INFO - \U0001f4be 14:20 Spot:23866.2 Health:100% Fut:\u2705
2026-03-09 14:22:00,011 - INFO - \U0001f4be 14:21 Spot:23873.35 Health:100% Fut:\u2705
2026-03-09 14:23:00,007 - INFO - \U0001f4be 14:22 Spot:23892.6 Health:100% Fut:\u2705
2026-03-09 14:24:00,000 - INFO - \U0001f4be 14:23 Spot:23894.45 Health:100% Fut:\u2705
2026-03-09 14:25:00,013 - INFO - \U0001f4be 14:24 Spot:23898.25 Health:100% Fut:\u2705
2026-03-09 14:26:00,009 - INFO - \U0001f4be 14:25 Spot:23913.35 Health:100% Fut:\u2705
2026-03-09 14:27:00,004 - INFO - \U0001f4be 14:26 Spot:23909.3 Health:100% Fut:\u2705
2026-03-09 14:28:00,011 - INFO - \U0001f4be 14:27 Spot:23913.25 Health:100% Fut:\u2705
2026-03-09 14:29:00,006 - INFO - \U0001f4be 14:28 Spot:23895.4 Health:100% Fut:\u2705
2026-03-09 14:30:00,000 - INFO - \U0001f4be 14:29 Spot:23903.4 Health:100% Fut:\u2705
2026-03-09 14:31:00,009 - INFO - \U0001f4be 14:30 Spot:23897.2 Health:100% Fut:\u2705
2026-03-09 14:32:00,011 - INFO - \U0001f4be 14:31 Spot:23914.15 Health:100% Fut:\u2705
2026-03-09 14:33:00,016 - INFO - \U0001f4be 14:32 Spot:23921.45 Health:100% Fut:\u2705
2026-03-09 14:34:00,002 - INFO - \U0001f4be 14:33 Spot:23912.95 Health:100% Fut:\u2705
2026-03-09 14:35:00,001 - INFO - \U0001f4be 14:34 Spot:23907.45 Health:100% Fut:\u2705
2026-03-09 14:36:00,003 - INFO - \U0001f4be 14:35 Spot:23914.05 Health:100% Fut:\u2705
2026-03-09 14:37:00,013 - INFO - \U0001f4be 14:36 Spot:23910.2 Health:100% Fut:\u2705
2026-03-09 14:38:00,008 - INFO - \U0001f4be 14:37 Spot:23915.8 Health:100% Fut:\u2705
2026-03-09 14:39:00,010 - INFO - \U0001f4be 14:38 Spot:23925.45 Health:100% Fut:\u2705
2026-03-09 14:40:00,009 - INFO - \U0001f4be 14:39 Spot:23931.55 Health:100% Fut:\u2705
2026-03-09 14:41:00,000 - INFO - \U0001f4be 14:40 Spot:23932.9 Health:100% Fut:\u2705
2026-03-09 14:42:00,011 - INFO - \U0001f4be 14:41 Spot:23925.15 Health:100% Fut:\u2705
2026-03-09 14:43:00,003 - INFO - \U0001f4be 14:42 Spot:23939.1 Health:100% Fut:\u2705
2026-03-09 14:44:00,005 - INFO - \U0001f4be 14:43 Spot:23949.4 Health:100% Fut:\u2705
2026-03-09 14:45:00,006 - INFO - \U0001f4be 14:44 Spot:23941.2 Health:100% Fut:\u2705
2026-03-09 14:46:00,006 - INFO - \U0001f4be 14:45 Spot:23957.1 Health:100% Fut:\u2705
2026-03-09 14:47:00,008 - INFO - \U0001f4be 14:46 Spot:24000.9 Health:100% Fut:\u2705
2026-03-09 14:48:00,000 - INFO - \U0001f504 Shifted 23900 \u2192 24000
2026-03-09 14:48:01,571 - INFO - \U0001f3af Map: center=24000, tracking=132 (▒2000)
2026-03-09 14:48:01,576 - ERROR - error from callback <bound method SmartWebSocketV2._on_close of <SmartApi.smartWebSocketV2.SmartWebSocketV2 object at 0x000001860116C150>>: SmartWebSocketV2._on_close() takes 2 positional arguments but 4 were given
2026-03-09 14:48:01,639 - INFO - \U0001f4be 14:47 Spot:24006.55 Health:97% Fut:\u2705
2026-03-09 14:48:11,986 - INFO - Websocket connected
2026-03-09 14:49:00,021 - INFO - \U0001f4be 14:48 Spot:24010.95 Health:100% Fut:\u2705
2026-03-09 14:50:00,004 - INFO - \U0001f4be 14:49 Spot:23980.55 Health:100% Fut:\u2705
2026-03-09 14:51:00,008 - INFO - \U0001f4be 14:50 Spot:23988.3 Health:100% Fut:\u2705
2026-03-09 14:52:00,011 - INFO - \U0001f4be 14:51 Spot:23998.1 Health:100% Fut:\u2705
2026-03-09 14:53:00,009 - INFO - \U0001f4be 14:52 Spot:23991.05 Health:100% Fut:\u2705
2026-03-09 14:54:00,006 - INFO - \U0001f4be 14:53 Spot:23981.0 Health:100% Fut:\u2705
2026-03-09 14:55:00,007 - INFO - \U0001f4be 14:54 Spot:24011.3 Health:100% Fut:\u2705
2026-03-09 14:56:00,003 - INFO - \U0001f4be 14:55 Spot:24013.0 Health:100% Fut:\u2705
2026-03-09 14:57:00,011 - INFO - \U0001f4be 14:56 Spot:24011.35 Health:100% Fut:\u2705
2026-03-09 14:58:00,000 - INFO - \U0001f4be 14:57 Spot:24003.95 Health:100% Fut:\u2705
2026-03-09 14:59:00,008 - INFO - \U0001f4be 14:58 Spot:24006.7 Health:100% Fut:\u2705
2026-03-09 15:00:00,002 - INFO - \U0001f4be 14:59 Spot:24007.5 Health:100% Fut:\u2705
2026-03-09 15:01:00,002 - INFO - \U0001f4be 15:00 Spot:23984.95 Health:100% Fut:\u2705
2026-03-09 15:02:00,005 - INFO - \U0001f4be 15:01 Spot:23994.5 Health:100% Fut:\u2705
2026-03-09 15:03:00,021 - INFO - \U0001f4be 15:02 Spot:24012.85 Health:100% Fut:\u2705
2026-03-09 15:04:00,002 - INFO - \U0001f4be 15:03 Spot:24040.1 Health:100% Fut:\u2705
2026-03-09 15:05:00,023 - INFO - \U0001f4be 15:04 Spot:24049.5 Health:100% Fut:\u2705
2026-03-09 15:06:00,011 - INFO - \U0001f4be 15:05 Spot:24056.15 Health:100% Fut:\u2705
2026-03-09 15:07:00,001 - INFO - \U0001f4be 15:06 Spot:24057.6 Health:100% Fut:\u2705
2026-03-09 15:08:00,007 - INFO - \U0001f4be 15:07 Spot:24031.15 Health:100% Fut:\u2705
2026-03-09 15:09:00,002 - INFO - \U0001f4be 15:08 Spot:24026.8 Health:100% Fut:\u2705
2026-03-09 15:10:00,002 - INFO - \U0001f4be 15:09 Spot:24032.65 Health:100% Fut:\u2705
2026-03-09 15:11:00,001 - INFO - \U0001f4be 15:10 Spot:24034.7 Health:100% Fut:\u2705
2026-03-09 15:12:00,005 - INFO - \U0001f4be 15:11 Spot:24039.05 Health:100% Fut:\u2705
2026-03-09 15:13:00,003 - INFO - \U0001f4be 15:12 Spot:24053.4 Health:100% Fut:\u2705
2026-03-09 15:14:00,003 - INFO - \U0001f4be 15:13 Spot:24050.7 Health:100% Fut:\u2705
2026-03-09 15:15:00,006 - INFO - \U0001f4be 15:14 Spot:24047.0 Health:100% Fut:\u2705
2026-03-09 15:16:00,004 - INFO - \U0001f4be 15:15 Spot:24050.7 Health:100% Fut:\u2705
2026-03-09 15:17:00,004 - INFO - \U0001f4be 15:16 Spot:24038.65 Health:100% Fut:\u2705
2026-03-09 15:18:00,004 - INFO - \U0001f4be 15:17 Spot:24043.65 Health:100% Fut:\u2705
2026-03-09 15:19:00,008 - INFO - \U0001f4be 15:18 Spot:24041.65 Health:100% Fut:\u2705
2026-03-09 15:20:00,014 - INFO - \U0001f4be 15:19 Spot:24039.65 Health:100% Fut:\u2705
2026-03-09 15:21:00,010 - INFO - \U0001f4be 15:20 Spot:24011.2 Health:100% Fut:\u2705
2026-03-09 15:22:00,001 - INFO - \U0001f4be 15:21 Spot:24011.8 Health:100% Fut:\u2705
2026-03-09 15:23:00,008 - INFO - \U0001f4be 15:22 Spot:24015.75 Health:100% Fut:\u2705
2026-03-09 15:24:00,009 - INFO - \U0001f4be 15:23 Spot:24017.4 Health:100% Fut:\u2705
2026-03-09 15:25:00,007 - INFO - \U0001f4be 15:24 Spot:24014.7 Health:100% Fut:\u2705
2026-03-09 15:26:00,008 - INFO - \U0001f4be 15:25 Spot:24012.75 Health:100% Fut:\u2705
2026-03-09 15:27:00,002 - INFO - \U0001f4be 15:26 Spot:24008.7 Health:100% Fut:\u2705
2026-03-09 15:28:00,010 - INFO - \U0001f4be 15:27 Spot:24001.45 Health:100% Fut:\u2705
2026-03-09 15:29:00,010 - INFO - \U0001f4be 15:28 Spot:23999.8 Health:100% Fut:\u2705
2026-03-09 15:30:00,008 - INFO - \U0001f4be 15:29 Spot:23999.9 Health:100% Fut:\u2705
2026-03-09 15:31:00,000 - INFO - \U0001f4be 15:30 Spot:24005.8 Health:100% Fut:\u2705
2026-03-09 15:31:53,092 - ERROR - error from callback <bound method SmartWebSocketV2._on_error of <SmartApi.smartWebSocketV2.SmartWebSocketV2 object at 0x000001860116C150>>: SmartWebSocketV2.on_error() takes 1 positional argument but 3 were given
2026-03-09 15:31:53,092 - ERROR - error from callback <bound method SmartWebSocketV2._on_close of <SmartApi.smartWebSocketV2.SmartWebSocketV2 object at 0x000001860116C150>>: SmartWebSocketV2._on_close() takes 2 positional arguments but 4 were given
2026-03-09 15:31:53,092 - INFO - tearing down on exception SmartWebSocketV2.on_error() takes 1 positional argument but 3 were given
2026-03-09 15:31:53,096 - INFO - \u267b\ufe0f Reconnectingģ
2026-03-10 09:14:10,108 - INFO - \u2705 Login OK
2026-03-10 09:18:04,179 - INFO - \u2705 Login OK
2026-03-10 09:21:01,706 - INFO - \U0001f3af Map: center=24150, tracking=160 (▒2000)
2026-03-10 09:21:01,717 - INFO - \U0001f517 WebSocket connectingģ
2026-03-10 09:21:01,720 - INFO - \u23f3 Aggregator started
2026-03-10 09:21:03,499 - INFO - Websocket connected
2026-03-10 09:22:00,022 - INFO - \U0001f4be 09:21 Spot:24149.0 Health:100% Fut:\u2705
2026-03-10 09:23:00,014 - INFO - \U0001f4be 09:22 Spot:24171.15 Health:100% Fut:\u2705
2026-03-10 09:24:00,011 - INFO - \U0001f4be 09:23 Spot:24160.75 Health:100% Fut:\u2705
2026-03-10 09:25:00,017 - INFO - \U0001f4be 09:24 Spot:24151.35 Health:99% Fut:\u2705
2026-03-10 09:26:00,005 - INFO - \U0001f4be 09:25 Spot:24145.85 Health:100% Fut:\u2705
2026-03-10 09:27:00,019 - INFO - \U0001f4be 09:26 Spot:24135.1 Health:100% Fut:\u2705
2026-03-10 09:28:00,017 - INFO - \U0001f4be 09:27 Spot:24143.4 Health:100% Fut:\u2705
2026-03-10 09:29:00,017 - INFO - \U0001f4be 09:28 Spot:24152.05 Health:100% Fut:\u2705
2026-03-10 09:30:00,018 - INFO - \U0001f4be 09:29 Spot:24164.9 Health:100% Fut:\u2705
2026-03-10 09:31:00,017 - INFO - \U0001f4be 09:30 Spot:24160.2 Health:100% Fut:\u2705
2026-03-10 09:32:00,016 - INFO - \U0001f4be 09:31 Spot:24131.55 Health:100% Fut:\u2705
2026-03-10 09:33:00,001 - INFO - \U0001f4be 09:32 Spot:24137.5 Health:100% Fut:\u2705
2026-03-10 09:34:00,013 - INFO - \U0001f4be 09:33 Spot:24146.85 Health:100% Fut:\u2705
2026-03-10 09:35:00,014 - INFO - \U0001f4be 09:34 Spot:24124.45 Health:100% Fut:\u2705
2026-03-10 09:36:00,014 - INFO - \U0001f4be 09:35 Spot:24121.35 Health:100% Fut:\u2705
2026-03-10 09:37:00,028 - INFO - \U0001f4be 09:36 Spot:24089.05 Health:100% Fut:\u2705
2026-03-10 09:38:00,019 - INFO - \U0001f4be 09:37 Spot:24111.35 Health:100% Fut:\u2705
2026-03-10 09:39:00,017 - INFO - \U0001f4be 09:38 Spot:24109.8 Health:100% Fut:\u2705
2026-03-10 09:40:00,017 - INFO - \U0001f4be 09:39 Spot:24091.9 Health:100% Fut:\u2705
2026-03-10 09:41:00,015 - INFO - \U0001f4be 09:40 Spot:24097.6 Health:100% Fut:\u2705
2026-03-10 09:42:00,001 - INFO - \U0001f4be 09:41 Spot:24099.9 Health:100% Fut:\u2705
2026-03-10 09:43:00,005 - INFO - \U0001f4be 09:42 Spot:24114.75 Health:100% Fut:\u2705
2026-03-10 09:44:00,009 - INFO - \U0001f4be 09:43 Spot:24118.15 Health:100% Fut:\u2705
2026-03-10 09:45:00,001 - INFO - \U0001f4be 09:44 Spot:24154.05 Health:100% Fut:\u2705
2026-03-10 09:46:00,008 - INFO - \U0001f4be 09:45 Spot:24138.35 Health:100% Fut:\u2705
2026-03-10 09:47:00,006 - INFO - \U0001f4be 09:46 Spot:24148.85 Health:100% Fut:\u2705
2026-03-10 09:48:00,022 - INFO - \U0001f4be 09:47 Spot:24126.55 Health:100% Fut:\u2705
2026-03-10 09:49:00,014 - INFO - \U0001f4be 09:48 Spot:24131.25 Health:100% Fut:\u2705
2026-03-10 09:50:00,018 - INFO - \U0001f4be 09:49 Spot:24136.75 Health:100% Fut:\u2705
2026-03-10 09:51:00,014 - INFO - \U0001f4be 09:50 Spot:24138.95 Health:100% Fut:\u2705
2026-03-10 09:52:00,015 - INFO - \U0001f4be 09:51 Spot:24130.8 Health:100% Fut:\u2705
2026-03-10 09:53:00,015 - INFO - \U0001f4be 09:52 Spot:24130.7 Health:100% Fut:\u2705
2026-03-10 09:54:00,013 - INFO - \U0001f4be 09:53 Spot:24131.9 Health:100% Fut:\u2705
2026-03-10 09:55:00,022 - INFO - \U0001f4be 09:54 Spot:24130.25 Health:100% Fut:\u2705
2026-03-10 09:56:00,020 - INFO - \U0001f4be 09:55 Spot:24119.2 Health:100% Fut:\u2705
2026-03-10 09:57:00,018 - INFO - \U0001f4be 09:56 Spot:24110.8 Health:100% Fut:\u2705
2026-03-10 09:58:00,018 - INFO - \U0001f4be 09:57 Spot:24100.2 Health:100% Fut:\u2705
2026-03-10 09:59:00,009 - INFO - \U0001f4be 09:58 Spot:24085.4 Health:100% Fut:\u2705
2026-03-10 10:00:00,020 - INFO - \U0001f4be 09:59 Spot:24094.05 Health:100% Fut:\u2705
2026-03-10 10:01:00,016 - INFO - \U0001f4be 10:00 Spot:24097.45 Health:100% Fut:\u2705
2026-03-10 10:02:00,004 - INFO - \U0001f4be 10:01 Spot:24121.45 Health:100% Fut:\u2705
2026-03-10 10:03:00,020 - INFO - \U0001f4be 10:02 Spot:24131.4 Health:100% Fut:\u2705
2026-03-10 10:04:00,016 - INFO - \U0001f4be 10:03 Spot:24133.2 Health:100% Fut:\u2705
2026-03-10 10:05:00,017 - INFO - \U0001f4be 10:04 Spot:24130.65 Health:100% Fut:\u2705
2026-03-10 10:06:00,017 - INFO - \U0001f4be 10:05 Spot:24129.65 Health:100% Fut:\u2705
2026-03-10 10:07:00,019 - INFO - \U0001f4be 10:06 Spot:24126.7 Health:100% Fut:\u2705
2026-03-10 10:08:00,009 - INFO - \U0001f4be 10:07 Spot:24131.35 Health:100% Fut:\u2705
2026-03-10 10:09:00,015 - INFO - \U0001f4be 10:08 Spot:24147.0 Health:100% Fut:\u2705
2026-03-10 10:10:00,015 - INFO - \U0001f4be 10:09 Spot:24138.15 Health:99% Fut:\u2705
2026-03-10 10:11:00,009 - INFO - \U0001f4be 10:10 Spot:24140.9 Health:100% Fut:\u2705
2026-03-10 10:12:00,017 - INFO - \U0001f4be 10:11 Spot:24132.6 Health:98% Fut:\u2705
2026-03-10 10:13:00,006 - INFO - \U0001f4be 10:12 Spot:24139.3 Health:99% Fut:\u2705
2026-03-10 10:14:00,004 - INFO - \U0001f4be 10:13 Spot:24134.2 Health:100% Fut:\u2705
2026-03-10 10:15:00,008 - INFO - \U0001f4be 10:14 Spot:24153.1 Health:100% Fut:\u2705
2026-03-10 10:16:00,010 - INFO - \U0001f4be 10:15 Spot:24179.35 Health:100% Fut:\u2705
2026-03-10 10:17:00,008 - INFO - \U0001f4be 10:16 Spot:24193.6 Health:100% Fut:\u2705
2026-03-10 10:18:00,008 - INFO - \U0001f4be 10:17 Spot:24211.1 Health:100% Fut:\u2705
2026-03-10 10:19:00,001 - INFO - \U0001f4be 10:18 Spot:24207.2 Health:100% Fut:\u2705
2026-03-10 10:20:00,026 - INFO - \U0001f4be 10:19 Spot:24205.2 Health:100% Fut:\u2705
2026-03-10 10:21:00,011 - INFO - \U0001f4be 10:20 Spot:24200.1 Health:100% Fut:\u2705
2026-03-10 10:22:00,001 - INFO - \U0001f4be 10:21 Spot:24181.4 Health:100% Fut:\u2705
2026-03-10 10:23:00,014 - INFO - \U0001f4be 10:22 Spot:24163.5 Health:100% Fut:\u2705
2026-03-10 10:24:00,005 - INFO - \U0001f4be 10:23 Spot:24157.3 Health:100% Fut:\u2705
2026-03-10 10:25:00,014 - INFO - \U0001f4be 10:24 Spot:24167.2 Health:100% Fut:\u2705
2026-03-10 10:26:00,010 - INFO - \U0001f4be 10:25 Spot:24172.05 Health:100% Fut:\u2705
2026-03-10 10:27:00,005 - INFO - \U0001f4be 10:26 Spot:24160.0 Health:100% Fut:\u2705
2026-03-10 10:28:00,008 - INFO - \U0001f4be 10:27 Spot:24156.2 Health:100% Fut:\u2705
2026-03-10 10:29:00,010 - INFO - \U0001f4be 10:28 Spot:24167.35 Health:100% Fut:\u2705
2026-03-10 10:30:00,010 - INFO - \U0001f4be 10:29 Spot:24161.7 Health:100% Fut:\u2705
2026-03-10 10:31:00,015 - INFO - \U0001f4be 10:30 Spot:24166.25 Health:100% Fut:\u2705
2026-03-10 10:32:00,008 - INFO - \U0001f4be 10:31 Spot:24177.95 Health:100% Fut:\u2705
2026-03-10 10:33:00,009 - INFO - \U0001f4be 10:32 Spot:24178.35 Health:100% Fut:\u2705
2026-03-10 10:34:00,009 - INFO - \U0001f4be 10:33 Spot:24204.95 Health:100% Fut:\u2705
2026-03-10 10:35:00,010 - INFO - \U0001f4be 10:34 Spot:24200.25 Health:100% Fut:\u2705
2026-03-10 10:36:00,004 - INFO - \U0001f4be 10:35 Spot:24204.15 Health:100% Fut:\u2705
2026-03-10 10:37:00,018 - INFO - \U0001f4be 10:36 Spot:24203.7 Health:100% Fut:\u2705
2026-03-10 10:38:00,007 - INFO - \U0001f4be 10:37 Spot:24190.1 Health:100% Fut:\u2705
2026-03-10 10:39:00,004 - INFO - \U0001f4be 10:38 Spot:24195.25 Health:100% Fut:\u2705
2026-03-10 10:40:00,016 - INFO - \U0001f4be 10:39 Spot:24193.8 Health:100% Fut:\u2705
2026-03-10 10:41:00,000 - INFO - \U0001f4be 10:40 Spot:24206.25 Health:100% Fut:\u2705
2026-03-10 10:42:00,014 - INFO - \U0001f4be 10:41 Spot:24214.25 Health:100% Fut:\u2705
2026-03-10 10:43:00,013 - INFO - \U0001f4be 10:42 Spot:24216.25 Health:100% Fut:\u2705
2026-03-10 10:44:00,005 - INFO - \U0001f4be 10:43 Spot:24217.75 Health:100% Fut:\u2705
2026-03-10 10:45:00,021 - INFO - \U0001f4be 10:44 Spot:24215.4 Health:100% Fut:\u2705
2026-03-10 10:46:00,007 - INFO - \U0001f4be 10:45 Spot:24222.4 Health:100% Fut:\u2705
2026-03-10 10:47:00,006 - INFO - \U0001f4be 10:46 Spot:24216.95 Health:100% Fut:\u2705
2026-03-10 10:48:00,004 - INFO - \U0001f4be 10:47 Spot:24224.7 Health:100% Fut:\u2705
2026-03-10 10:49:00,001 - INFO - \U0001f504 Shifted 24150 \u2192 24250
2026-03-10 10:49:01,659 - INFO - \U0001f3af Map: center=24250, tracking=160 (▒2000)
2026-03-10 10:49:01,667 - ERROR - error from callback <bound method SmartWebSocketV2._on_close of <SmartApi.smartWebSocketV2.SmartWebSocketV2 object at 0x00000265C7B20050>>: SmartWebSocketV2._on_close() takes 2 positional arguments but 4 were given
2026-03-10 10:49:02,349 - INFO - \U0001f4be 10:48 Spot:24231.35 Health:100% Fut:\u2705
2026-03-10 10:49:13,099 - INFO - Websocket connected
2026-03-10 10:50:00,006 - INFO - \U0001f4be 10:49 Spot:24222.4 Health:100% Fut:\u2705
2026-03-10 10:51:00,002 - INFO - \U0001f4be 10:50 Spot:24222.95 Health:99% Fut:\u2705
2026-03-10 10:52:00,004 - INFO - \U0001f4be 10:51 Spot:24214.25 Health:99% Fut:\u2705
2026-03-10 10:53:00,008 - INFO - \U0001f4be 10:52 Spot:24202.0 Health:100% Fut:\u2705
2026-03-10 10:54:00,004 - INFO - \U0001f4be 10:53 Spot:24193.65 Health:100% Fut:\u2705
2026-03-10 10:55:00,008 - INFO - \U0001f4be 10:54 Spot:24192.45 Health:100% Fut:\u2705
2026-03-10 10:56:00,005 - INFO - \U0001f4be 10:55 Spot:24191.4 Health:100% Fut:\u2705
2026-03-10 10:57:00,011 - INFO - \U0001f4be 10:56 Spot:24179.1 Health:100% Fut:\u2705
2026-03-10 10:58:00,011 - INFO - \U0001f4be 10:57 Spot:24188.35 Health:100% Fut:\u2705
2026-03-10 10:59:00,010 - INFO - \U0001f4be 10:58 Spot:24196.05 Health:100% Fut:\u2705
2026-03-10 11:00:00,000 - INFO - \U0001f4be 10:59 Spot:24196.85 Health:100% Fut:\u2705
2026-03-10 11:01:00,019 - INFO - \U0001f4be 11:00 Spot:24205.4 Health:100% Fut:\u2705
2026-03-10 11:02:00,020 - INFO - \U0001f4be 11:01 Spot:24200.05 Health:100% Fut:\u2705
2026-03-10 11:03:00,006 - INFO - \U0001f4be 11:02 Spot:24189.45 Health:100% Fut:\u2705
2026-03-10 11:04:00,009 - INFO - \U0001f4be 11:03 Spot:24198.6 Health:100% Fut:\u2705
2026-03-10 11:05:00,009 - INFO - \U0001f4be 11:04 Spot:24202.9 Health:100% Fut:\u2705
2026-03-10 11:06:00,009 - INFO - \U0001f4be 11:05 Spot:24208.5 Health:100% Fut:\u2705
2026-03-10 11:07:00,008 - INFO - \U0001f4be 11:06 Spot:24210.65 Health:99% Fut:\u2705
2026-03-10 11:08:00,013 - INFO - \U0001f4be 11:07 Spot:24200.5 Health:100% Fut:\u2705
2026-03-10 11:09:00,010 - INFO - \U0001f4be 11:08 Spot:24207.7 Health:99% Fut:\u2705
2026-03-10 11:10:00,008 - INFO - \U0001f4be 11:09 Spot:24219.55 Health:100% Fut:\u2705
2026-03-10 11:11:00,010 - INFO - \U0001f4be 11:10 Spot:24219.55 Health:100% Fut:\u2705
2026-03-10 11:12:00,010 - INFO - \U0001f4be 11:11 Spot:24221.0 Health:100% Fut:\u2705
2026-03-10 11:13:00,004 - INFO - \U0001f4be 11:12 Spot:24222.4 Health:100% Fut:\u2705
2026-03-10 11:14:00,010 - INFO - \U0001f4be 11:13 Spot:24222.05 Health:99% Fut:\u2705
2026-03-10 11:15:00,010 - INFO - \U0001f4be 11:14 Spot:24221.95 Health:98% Fut:\u2705
2026-03-10 11:16:00,012 - INFO - \U0001f4be 11:15 Spot:24240.75 Health:100% Fut:\u2705
2026-03-10 11:17:00,031 - INFO - \U0001f4be 11:16 Spot:24232.1 Health:100% Fut:\u2705
2026-03-10 11:18:00,008 - INFO - \U0001f4be 11:17 Spot:24224.05 Health:100% Fut:\u2705
2026-03-10 11:19:00,010 - INFO - \U0001f4be 11:18 Spot:24221.45 Health:99% Fut:\u2705
2026-03-10 11:20:00,005 - INFO - \U0001f4be 11:19 Spot:24210.25 Health:99% Fut:\u2705
2026-03-10 11:21:00,012 - INFO - \U0001f4be 11:20 Spot:24213.9 Health:99% Fut:\u2705
2026-03-10 11:22:00,009 - INFO - \U0001f4be 11:21 Spot:24230.8 Health:100% Fut:\u2705
2026-03-10 11:23:00,005 - INFO - \U0001f4be 11:22 Spot:24232.0 Health:98% Fut:\u2705
2026-03-10 11:24:00,004 - INFO - \U0001f4be 11:23 Spot:24230.05 Health:98% Fut:\u2705
2026-03-10 11:25:00,013 - INFO - \U0001f4be 11:24 Spot:24232.5 Health:98% Fut:\u2705
2026-03-10 11:26:00,013 - INFO - \U0001f4be 11:25 Spot:24226.65 Health:100% Fut:\u2705
2026-03-10 11:27:00,010 - INFO - \U0001f4be 11:26 Spot:24223.8 Health:98% Fut:\u2705
2026-03-10 11:28:00,030 - INFO - \U0001f4be 11:27 Spot:24219.0 Health:99% Fut:\u2705
2026-03-10 11:29:00,007 - INFO - \U0001f4be 11:28 Spot:24223.5 Health:98% Fut:\u2705
2026-03-10 11:30:00,008 - INFO - \U0001f4be 11:29 Spot:24229.25 Health:98% Fut:\u2705
2026-03-10 11:31:00,004 - INFO - \U0001f4be 11:30 Spot:24228.25 Health:99% Fut:\u2705
2026-03-10 11:32:00,009 - INFO - \U0001f4be 11:31 Spot:24234.2 Health:99% Fut:\u2705
2026-03-10 11:33:00,016 - INFO - \U0001f4be 11:32 Spot:24238.6 Health:97% Fut:\u2705
2026-03-10 11:34:00,009 - INFO - \U0001f4be 11:33 Spot:24242.3 Health:100% Fut:\u2705
2026-03-10 11:35:00,007 - INFO - \U0001f4be 11:34 Spot:24245.1 Health:99% Fut:\u2705
2026-03-10 11:36:00,013 - INFO - \U0001f4be 11:35 Spot:24248.2 Health:100% Fut:\u2705
2026-03-10 11:37:00,009 - INFO - \U0001f4be 11:36 Spot:24246.8 Health:100% Fut:\u2705
2026-03-10 11:38:00,010 - INFO - \U0001f4be 11:37 Spot:24243.9 Health:99% Fut:\u2705
2026-03-10 11:39:00,010 - INFO - \U0001f4be 11:38 Spot:24248.1 Health:98% Fut:\u2705
2026-03-10 11:40:00,012 - INFO - \U0001f4be 11:39 Spot:24251.4 Health:100% Fut:\u2705
2026-03-10 11:41:00,004 - INFO - \U0001f4be 11:40 Spot:24252.4 Health:100% Fut:\u2705
2026-03-10 11:42:00,010 - INFO - \U0001f4be 11:41 Spot:24250.65 Health:100% Fut:\u2705
2026-03-10 11:43:00,009 - INFO - \U0001f4be 11:42 Spot:24253.9 Health:100% Fut:\u2705
2026-03-10 11:44:00,003 - INFO - \U0001f4be 11:43 Spot:24253.5 Health:99% Fut:\u2705
2026-03-10 11:45:00,009 - INFO - \U0001f4be 11:44 Spot:24249.9 Health:100% Fut:\u2705
2026-03-10 11:46:00,009 - INFO - \U0001f4be 11:45 Spot:24246.65 Health:99% Fut:\u2705
2026-03-10 11:47:00,011 - INFO - \U0001f4be 11:46 Spot:24238.9 Health:97% Fut:\u2705
2026-03-10 11:48:00,008 - INFO - \U0001f4be 11:47 Spot:24231.9 Health:100% Fut:\u2705
2026-03-10 11:49:00,004 - INFO - \U0001f4be 11:48 Spot:24213.0 Health:100% Fut:\u2705
2026-03-10 11:50:00,003 - INFO - \U0001f4be 11:49 Spot:24208.8 Health:100% Fut:\u2705
2026-03-10 11:51:00,009 - INFO - \U0001f4be 11:50 Spot:24203.6 Health:100% Fut:\u2705
2026-03-10 11:52:00,010 - INFO - \U0001f4be 11:51 Spot:24196.85 Health:99% Fut:\u2705
2026-03-10 11:53:00,005 - INFO - \U0001f4be 11:52 Spot:24200.3 Health:100% Fut:\u2705
2026-03-10 11:54:00,004 - INFO - \U0001f4be 11:53 Spot:24207.15 Health:100% Fut:\u2705
2026-03-10 11:55:00,004 - INFO - \U0001f4be 11:54 Spot:24213.95 Health:99% Fut:\u2705
2026-03-10 11:56:00,007 - INFO - \U0001f4be 11:55 Spot:24221.95 Health:100% Fut:\u2705
2026-03-10 11:57:00,001 - INFO - \U0001f4be 11:56 Spot:24198.4 Health:100% Fut:\u2705
2026-03-10 11:58:00,006 - INFO - \U0001f4be 11:57 Spot:24207.4 Health:99% Fut:\u2705
2026-03-10 11:59:00,004 - INFO - \U0001f4be 11:58 Spot:24205.6 Health:99% Fut:\u2705
2026-03-10 12:00:00,002 - INFO - \U0001f4be 11:59 Spot:24211.5 Health:99% Fut:\u2705
2026-03-10 12:01:00,004 - INFO - \U0001f4be 12:00 Spot:24212.85 Health:99% Fut:\u2705
2026-03-10 12:02:00,008 - INFO - \U0001f4be 12:01 Spot:24215.4 Health:98% Fut:\u2705
2026-03-10 12:03:00,000 - INFO - \U0001f4be 12:02 Spot:24220.4 Health:100% Fut:\u2705
2026-03-10 12:04:00,000 - INFO - \U0001f4be 12:03 Spot:24217.95 Health:98% Fut:\u2705
2026-03-10 12:05:00,014 - INFO - \U0001f4be 12:04 Spot:24214.55 Health:99% Fut:\u2705
2026-03-10 12:06:00,002 - INFO - \U0001f4be 12:05 Spot:24220.35 Health:98% Fut:\u2705
2026-03-10 12:07:00,009 - INFO - \U0001f4be 12:06 Spot:24220.25 Health:98% Fut:\u2705
2026-03-10 12:08:00,009 - INFO - \U0001f4be 12:07 Spot:24227.2 Health:98% Fut:\u2705
2026-03-10 12:09:00,000 - INFO - \U0001f4be 12:08 Spot:24213.3 Health:99% Fut:\u2705
2026-03-10 12:10:00,015 - INFO - \U0001f4be 12:09 Spot:24209.2 Health:99% Fut:\u2705
2026-03-10 12:11:00,027 - INFO - \U0001f4be 12:10 Spot:24207.75 Health:100% Fut:\u2705
2026-03-10 12:12:00,013 - INFO - \U0001f4be 12:11 Spot:24213.0 Health:99% Fut:\u2705
2026-03-10 12:13:00,001 - INFO - \U0001f4be 12:12 Spot:24210.55 Health:98% Fut:\u2705
2026-03-10 12:14:00,010 - INFO - \U0001f4be 12:13 Spot:24200.7 Health:99% Fut:\u2705
2026-03-10 12:15:00,008 - INFO - \U0001f4be 12:14 Spot:24180.3 Health:100% Fut:\u2705
2026-03-10 12:16:00,008 - INFO - \U0001f4be 12:15 Spot:24176.7 Health:100% Fut:\u2705
2026-03-10 12:17:00,005 - INFO - \U0001f4be 12:16 Spot:24186.25 Health:100% Fut:\u2705
2026-03-10 12:18:00,016 - INFO - \U0001f4be 12:17 Spot:24182.65 Health:99% Fut:\u2705
2026-03-10 12:19:00,008 - INFO - \U0001f4be 12:18 Spot:24187.95 Health:99% Fut:\u2705
2026-03-10 12:20:00,010 - INFO - \U0001f4be 12:19 Spot:24183.55 Health:99% Fut:\u2705
2026-03-10 12:21:00,012 - INFO - \U0001f4be 12:20 Spot:24179.25 Health:100% Fut:\u2705
2026-03-10 12:22:00,003 - INFO - \U0001f4be 12:21 Spot:24175.6 Health:100% Fut:\u2705
2026-03-10 12:23:00,010 - INFO - \U0001f4be 12:22 Spot:24144.55 Health:100% Fut:\u2705
2026-03-10 12:24:00,006 - INFO - \U0001f504 Shifted 24250 \u2192 24150
2026-03-10 12:24:01,518 - INFO - \U0001f3af Map: center=24150, tracking=160 (▒2000)
2026-03-10 12:24:01,524 - ERROR - error from callback <bound method SmartWebSocketV2._on_close of <SmartApi.smartWebSocketV2.SmartWebSocketV2 object at 0x00000265C7B20050>>: SmartWebSocketV2._on_close() takes 2 positional arguments but 4 were given
2026-03-10 12:24:01,538 - ERROR - \U0001f525 Crash: SmartWebSocketV2.on_error() takes 1 positional argument but 3 were given. Restarting in 5sģ
2026-03-10 12:24:04,590 - INFO - \U0001f4be 12:23 Spot:24158.95 Health:100% Fut:\u2705
2026-03-10 12:24:12,526 - INFO - \u2705 Login OK
2026-03-10 12:24:15,236 - INFO - \U0001f3af Map: center=24150, tracking=160 (▒2000)
2026-03-10 12:24:15,240 - INFO - \U0001f517 WebSocket connectingģ
2026-03-10 12:24:17,069 - INFO - Websocket connected
2026-03-10 12:25:00,004 - INFO - \U0001f4be 12:24 Spot:24152.0 Health:100% Fut:\u2705
2026-03-10 12:26:00,011 - INFO - \U0001f4be 12:25 Spot:24165.8 Health:100% Fut:\u2705
2026-03-10 12:27:00,012 - INFO - \U0001f4be 12:26 Spot:24157.15 Health:100% Fut:\u2705
2026-03-10 12:28:00,004 - INFO - \U0001f4be 12:27 Spot:24153.45 Health:100% Fut:\u2705
2026-03-10 12:29:00,003 - INFO - \U0001f4be 12:28 Spot:24151.0 Health:100% Fut:\u2705
2026-03-10 12:30:00,009 - INFO - \U0001f4be 12:29 Spot:24162.55 Health:100% Fut:\u2705
2026-03-10 12:31:00,012 - INFO - \U0001f4be 12:30 Spot:24159.0 Health:100% Fut:\u2705
2026-03-10 12:32:00,001 - INFO - \U0001f4be 12:31 Spot:24163.9 Health:100% Fut:\u2705
2026-03-10 12:33:00,011 - INFO - \U0001f4be 12:32 Spot:24162.05 Health:100% Fut:\u2705
2026-03-10 12:34:00,012 - INFO - \U0001f4be 12:33 Spot:24159.35 Health:99% Fut:\u2705
2026-03-10 12:35:00,010 - INFO - \U0001f4be 12:34 Spot:24162.3 Health:100% Fut:\u2705
2026-03-10 12:36:00,010 - INFO - \U0001f4be 12:35 Spot:24187.6 Health:100% Fut:\u2705
2026-03-10 12:37:00,007 - INFO - \U0001f4be 12:36 Spot:24182.05 Health:100% Fut:\u2705
2026-03-10 12:38:00,010 - INFO - \U0001f4be 12:37 Spot:24160.5 Health:100% Fut:\u2705
2026-03-10 12:39:00,004 - INFO - \U0001f4be 12:38 Spot:24162.55 Health:100% Fut:\u2705
2026-03-10 12:40:00,012 - INFO - \U0001f4be 12:39 Spot:24157.85 Health:100% Fut:\u2705
2026-03-10 12:41:00,010 - INFO - \U0001f4be 12:40 Spot:24160.0 Health:100% Fut:\u2705
2026-03-10 12:42:00,010 - INFO - \U0001f4be 12:41 Spot:24160.2 Health:100% Fut:\u2705
2026-03-10 12:43:00,011 - INFO - \U0001f4be 12:42 Spot:24155.85 Health:100% Fut:\u2705
2026-03-10 12:44:00,009 - INFO - \U0001f4be 12:43 Spot:24148.15 Health:99% Fut:\u2705
2026-03-10 12:45:00,007 - INFO - \U0001f4be 12:44 Spot:24147.45 Health:99% Fut:\u2705
2026-03-10 12:46:00,015 - INFO - \U0001f4be 12:45 Spot:24158.7 Health:100% Fut:\u2705
2026-03-10 12:47:00,010 - INFO - \U0001f4be 12:46 Spot:24169.7 Health:100% Fut:\u2705
2026-03-10 12:48:00,003 - INFO - \U0001f4be 12:47 Spot:24169.75 Health:98% Fut:\u2705
2026-03-10 12:49:00,005 - INFO - \U0001f4be 12:48 Spot:24175.5 Health:99% Fut:\u2705
2026-03-10 12:50:00,014 - INFO - \U0001f4be 12:49 Spot:24174.4 Health:99% Fut:\u2705
2026-03-10 12:51:00,002 - INFO - \U0001f4be 12:50 Spot:24181.95 Health:99% Fut:\u2705
2026-03-10 12:52:00,007 - INFO - \U0001f4be 12:51 Spot:24186.9 Health:100% Fut:\u2705
2026-03-10 12:53:00,019 - INFO - \U0001f4be 12:52 Spot:24197.25 Health:100% Fut:\u2705
2026-03-10 12:54:00,017 - INFO - \U0001f4be 12:53 Spot:24195.1 Health:99% Fut:\u2705
2026-03-10 12:55:00,006 - INFO - \U0001f4be 12:54 Spot:24192.65 Health:99% Fut:\u2705
2026-03-10 12:56:00,022 - INFO - \U0001f4be 12:55 Spot:24187.1 Health:99% Fut:\u2705
2026-03-10 12:57:00,007 - INFO - \U0001f4be 12:56 Spot:24196.2 Health:100% Fut:\u2705
2026-03-10 12:58:00,017 - INFO - \U0001f4be 12:57 Spot:24212.25 Health:100% Fut:\u2705
2026-03-10 12:59:00,018 - INFO - \U0001f4be 12:58 Spot:24214.75 Health:100% Fut:\u2705
2026-03-10 13:00:00,016 - INFO - \U0001f4be 12:59 Spot:24222.85 Health:100% Fut:\u2705
2026-03-10 13:01:00,015 - INFO - \U0001f4be 13:00 Spot:24229.55 Health:100% Fut:\u2705
2026-03-10 13:02:00,004 - INFO - \U0001f4be 13:01 Spot:24227.2 Health:100% Fut:\u2705
2026-03-10 13:03:00,002 - INFO - \U0001f504 Shifted 24150 \u2192 24250
2026-03-10 13:03:01,590 - INFO - \U0001f3af Map: center=24250, tracking=160 (▒2000)
2026-03-10 13:03:01,598 - ERROR - error from callback <bound method SmartWebSocketV2._on_close of <SmartApi.smartWebSocketV2.SmartWebSocketV2 object at 0x00000265C7C23E10>>: SmartWebSocketV2._on_close() takes 2 positional arguments but 4 were given
2026-03-10 13:03:04,634 - INFO - \U0001f4be 13:02 Spot:24225.8 Health:99% Fut:\u2705
2026-03-10 13:03:13,479 - INFO - Websocket connected
2026-03-10 13:04:00,001 - INFO - \U0001f4be 13:03 Spot:24226.25 Health:100% Fut:\u2705
2026-03-10 13:05:00,005 - INFO - \U0001f4be 13:04 Spot:24224.0 Health:99% Fut:\u2705
2026-03-10 13:06:00,007 - INFO - \U0001f4be 13:05 Spot:24223.6 Health:100% Fut:\u2705
2026-03-10 13:07:00,016 - INFO - \U0001f4be 13:06 Spot:24219.6 Health:100% Fut:\u2705
2026-03-10 13:08:00,016 - INFO - \U0001f4be 13:07 Spot:24215.3 Health:99% Fut:\u2705
2026-03-10 13:09:00,017 - INFO - \U0001f4be 13:08 Spot:24212.95 Health:100% Fut:\u2705
2026-03-10 13:10:00,018 - INFO - \U0001f4be 13:09 Spot:24203.55 Health:100% Fut:\u2705
2026-03-10 13:11:00,017 - INFO - \U0001f4be 13:10 Spot:24210.75 Health:100% Fut:\u2705
2026-03-10 13:12:00,013 - INFO - \U0001f4be 13:11 Spot:24201.6 Health:100% Fut:\u2705
2026-03-10 13:13:00,009 - INFO - \U0001f4be 13:12 Spot:24198.15 Health:100% Fut:\u2705
2026-03-10 13:14:00,015 - INFO - \U0001f4be 13:13 Spot:24202.65 Health:100% Fut:\u2705
2026-03-10 13:15:00,018 - INFO - \U0001f4be 13:14 Spot:24204.3 Health:99% Fut:\u2705
2026-03-10 13:16:00,035 - INFO - \U0001f4be 13:15 Spot:24207.0 Health:100% Fut:\u2705
2026-03-10 13:17:00,018 - INFO - \U0001f4be 13:16 Spot:24215.1 Health:100% Fut:\u2705
2026-03-10 13:18:00,018 - INFO - \U0001f4be 13:17 Spot:24212.1 Health:99% Fut:\u2705
2026-03-10 13:19:00,001 - INFO - \U0001f4be 13:18 Spot:24211.55 Health:100% Fut:\u2705
2026-03-10 13:20:00,023 - INFO - \U0001f4be 13:19 Spot:24212.95 Health:100% Fut:\u2705
2026-03-10 13:21:00,020 - INFO - \U0001f4be 13:20 Spot:24215.9 Health:100% Fut:\u2705
2026-03-10 13:22:00,017 - INFO - \U0001f4be 13:21 Spot:24216.9 Health:100% Fut:\u2705
2026-03-10 13:23:00,018 - INFO - \U0001f4be 13:22 Spot:24209.45 Health:100% Fut:\u2705
2026-03-10 13:24:00,018 - INFO - \U0001f4be 13:23 Spot:24192.75 Health:100% Fut:\u2705
2026-03-10 13:25:00,017 - INFO - \U0001f4be 13:24 Spot:24210.0 Health:100% Fut:\u2705
2026-03-10 13:26:00,037 - INFO - \U0001f4be 13:25 Spot:24201.15 Health:100% Fut:\u2705
2026-03-10 13:27:00,016 - INFO - \U0001f4be 13:26 Spot:24197.95 Health:100% Fut:\u2705
2026-03-10 13:28:00,017 - INFO - \U0001f4be 13:27 Spot:24202.3 Health:100% Fut:\u2705
2026-03-10 13:29:00,019 - INFO - \U0001f4be 13:28 Spot:24197.8 Health:100% Fut:\u2705
2026-03-10 13:30:00,023 - INFO - \U0001f4be 13:29 Spot:24211.55 Health:100% Fut:\u2705
2026-03-10 13:31:00,019 - INFO - \U0001f4be 13:30 Spot:24211.3 Health:97% Fut:\u2705
2026-03-10 13:32:00,018 - INFO - \U0001f4be 13:31 Spot:24218.85 Health:99% Fut:\u2705
2026-03-10 13:33:00,015 - INFO - \U0001f4be 13:32 Spot:24228.8 Health:100% Fut:\u2705
2026-03-10 13:34:00,020 - INFO - \U0001f4be 13:33 Spot:24225.1 Health:100% Fut:\u2705
2026-03-10 13:35:00,030 - INFO - \U0001f4be 13:34 Spot:24226.85 Health:100% Fut:\u2705
2026-03-10 13:36:00,017 - INFO - \U0001f4be 13:35 Spot:24226.75 Health:100% Fut:\u2705
2026-03-10 13:37:00,004 - INFO - \U0001f4be 13:36 Spot:24230.7 Health:99% Fut:\u2705
2026-03-10 13:38:00,009 - INFO - \U0001f4be 13:37 Spot:24229.75 Health:100% Fut:\u2705
2026-03-10 13:39:00,020 - INFO - \U0001f4be 13:38 Spot:24229.55 Health:100% Fut:\u2705
2026-03-10 13:40:00,015 - INFO - \U0001f4be 13:39 Spot:24219.0 Health:100% Fut:\u2705
2026-03-10 13:41:00,018 - INFO - \U0001f4be 13:40 Spot:24234.05 Health:100% Fut:\u2705
2026-03-10 13:42:00,021 - INFO - \U0001f4be 13:41 Spot:24258.75 Health:100% Fut:\u2705
2026-03-10 13:43:00,019 - INFO - \U0001f4be 13:42 Spot:24251.85 Health:100% Fut:\u2705
2026-03-10 13:44:00,005 - INFO - \U0001f4be 13:43 Spot:24256.35 Health:100% Fut:\u2705
2026-03-10 13:45:00,013 - INFO - \U0001f4be 13:44 Spot:24242.15 Health:100% Fut:\u2705
2026-03-10 13:46:00,008 - INFO - \U0001f4be 13:45 Spot:24238.25 Health:100% Fut:\u2705
2026-03-10 13:47:00,013 - INFO - \U0001f4be 13:46 Spot:24233.85 Health:100% Fut:\u2705
2026-03-10 13:48:00,016 - INFO - \U0001f4be 13:47 Spot:24236.95 Health:100% Fut:\u2705
2026-03-10 13:49:00,013 - INFO - \U0001f4be 13:48 Spot:24230.05 Health:100% Fut:\u2705
2026-03-10 13:50:00,000 - INFO - \U0001f4be 13:49 Spot:24233.95 Health:99% Fut:\u2705
2026-03-10 13:51:00,010 - INFO - \U0001f4be 13:50 Spot:24232.05 Health:100% Fut:\u2705
2026-03-10 13:52:00,004 - INFO - \U0001f4be 13:51 Spot:24226.75 Health:99% Fut:\u2705
2026-03-10 13:53:00,006 - INFO - \U0001f4be 13:52 Spot:24227.4 Health:100% Fut:\u2705
2026-03-10 13:54:00,002 - INFO - \U0001f4be 13:53 Spot:24232.75 Health:99% Fut:\u2705
2026-03-10 13:55:00,010 - INFO - \U0001f4be 13:54 Spot:24243.05 Health:99% Fut:\u2705
2026-03-10 13:56:00,007 - INFO - \U0001f4be 13:55 Spot:24248.75 Health:99% Fut:\u2705
2026-03-10 13:57:00,004 - INFO - \U0001f4be 13:56 Spot:24239.25 Health:99% Fut:\u2705
2026-03-10 13:58:00,013 - INFO - \U0001f4be 13:57 Spot:24243.4 Health:99% Fut:\u2705
2026-03-10 13:59:00,014 - INFO - \U0001f4be 13:58 Spot:24251.1 Health:99% Fut:\u2705
2026-03-10 14:00:00,017 - INFO - \U0001f4be 13:59 Spot:24241.25 Health:99% Fut:\u2705
2026-03-10 14:01:00,015 - INFO - \U0001f4be 14:00 Spot:24239.9 Health:99% Fut:\u2705
2026-03-10 14:02:00,022 - INFO - \U0001f4be 14:01 Spot:24241.65 Health:100% Fut:\u2705
2026-03-10 14:03:00,013 - INFO - \U0001f4be 14:02 Spot:24240.8 Health:100% Fut:\u2705
2026-03-10 14:04:00,022 - INFO - \U0001f4be 14:03 Spot:24239.15 Health:99% Fut:\u2705
2026-03-10 14:05:00,019 - INFO - \U0001f4be 14:04 Spot:24240.55 Health:99% Fut:\u2705
2026-03-10 14:06:00,018 - INFO - \U0001f4be 14:05 Spot:24237.0 Health:99% Fut:\u2705
2026-03-10 14:07:00,016 - INFO - \U0001f4be 14:06 Spot:24235.25 Health:99% Fut:\u2705
2026-03-10 14:08:00,021 - INFO - \U0001f4be 14:07 Spot:24229.45 Health:99% Fut:\u2705
2026-03-10 14:09:00,016 - INFO - \U0001f4be 14:08 Spot:24220.0 Health:100% Fut:\u2705
2026-03-10 14:10:00,018 - INFO - \U0001f4be 14:09 Spot:24221.45 Health:100% Fut:\u2705
2026-03-10 14:11:00,049 - INFO - \U0001f4be 14:10 Spot:24221.5 Health:100% Fut:\u2705
2026-03-10 14:12:00,024 - INFO - \U0001f4be 14:11 Spot:24221.35 Health:100% Fut:\u2705
2026-03-10 14:13:00,017 - INFO - \U0001f4be 14:12 Spot:24220.15 Health:100% Fut:\u2705
2026-03-10 14:14:00,018 - INFO - \U0001f4be 14:13 Spot:24232.8 Health:100% Fut:\u2705
2026-03-10 14:15:00,005 - INFO - \U0001f4be 14:14 Spot:24241.65 Health:100% Fut:\u2705
2026-03-10 14:16:00,004 - INFO - \U0001f4be 14:15 Spot:24235.15 Health:100% Fut:\u2705
2026-03-10 14:17:00,005 - INFO - \U0001f4be 14:16 Spot:24238.25 Health:100% Fut:\u2705
2026-03-10 14:18:00,006 - INFO - \U0001f4be 14:17 Spot:24245.65 Health:100% Fut:\u2705
2026-03-10 14:19:00,005 - INFO - \U0001f4be 14:18 Spot:24249.05 Health:100% Fut:\u2705
2026-03-10 14:20:00,003 - INFO - \U0001f4be 14:19 Spot:24286.75 Health:100% Fut:\u2705
2026-03-10 14:21:00,017 - INFO - \U0001f4be 14:20 Spot:24269.15 Health:100% Fut:\u2705
2026-03-10 14:22:00,017 - INFO - \U0001f4be 14:21 Spot:24279.35 Health:100% Fut:\u2705
2026-03-10 14:23:00,013 - INFO - \U0001f4be 14:22 Spot:24292.8 Health:100% Fut:\u2705
2026-03-10 14:24:00,024 - INFO - \U0001f4be 14:23 Spot:24286.9 Health:100% Fut:\u2705
2026-03-10 14:25:00,022 - INFO - \U0001f4be 14:24 Spot:24288.5 Health:100% Fut:\u2705
2026-03-10 14:26:00,017 - INFO - \U0001f4be 14:25 Spot:24281.4 Health:100% Fut:\u2705
2026-03-10 14:27:00,017 - INFO - \U0001f4be 14:26 Spot:24279.15 Health:100% Fut:\u2705
2026-03-10 14:28:00,016 - INFO - \U0001f4be 14:27 Spot:24284.5 Health:100% Fut:\u2705
2026-03-10 14:29:00,018 - INFO - \U0001f4be 14:28 Spot:24292.05 Health:100% Fut:\u2705
2026-03-10 14:30:00,017 - INFO - \U0001f4be 14:29 Spot:24267.45 Health:100% Fut:\u2705
2026-03-10 14:31:00,013 - INFO - \U0001f4be 14:30 Spot:24261.25 Health:100% Fut:\u2705
2026-03-10 14:32:00,020 - INFO - \U0001f4be 14:31 Spot:24271.35 Health:100% Fut:\u2705
2026-03-10 14:33:00,018 - INFO - \U0001f4be 14:32 Spot:24262.5 Health:100% Fut:\u2705
2026-03-10 14:34:00,017 - INFO - \U0001f4be 14:33 Spot:24259.5 Health:100% Fut:\u2705
2026-03-10 14:35:00,009 - INFO - \U0001f4be 14:34 Spot:24241.65 Health:100% Fut:\u2705
2026-03-10 14:36:00,013 - INFO - \U0001f4be 14:35 Spot:24234.05 Health:100% Fut:\u2705
2026-03-10 14:37:00,018 - INFO - \U0001f4be 14:36 Spot:24238.3 Health:100% Fut:\u2705
2026-03-10 14:38:00,017 - INFO - \U0001f4be 14:37 Spot:24240.95 Health:100% Fut:\u2705
2026-03-10 14:39:00,018 - INFO - \U0001f4be 14:38 Spot:24223.7 Health:100% Fut:\u2705
2026-03-10 14:40:00,014 - INFO - \U0001f4be 14:39 Spot:24227.15 Health:100% Fut:\u2705
2026-03-10 14:41:00,018 - INFO - \U0001f4be 14:40 Spot:24241.35 Health:100% Fut:\u2705
2026-03-10 14:42:00,015 - INFO - \U0001f4be 14:41 Spot:24208.05 Health:100% Fut:\u2705
2026-03-10 14:43:00,021 - INFO - \U0001f4be 14:42 Spot:24228.65 Health:100% Fut:\u2705
2026-03-10 14:44:00,020 - INFO - \U0001f4be 14:43 Spot:24230.2 Health:100% Fut:\u2705
2026-03-10 14:45:00,017 - INFO - \U0001f4be 14:44 Spot:24236.25 Health:100% Fut:\u2705
2026-03-10 14:46:00,018 - INFO - \U0001f4be 14:45 Spot:24239.0 Health:100% Fut:\u2705
2026-03-10 14:47:00,015 - INFO - \U0001f4be 14:46 Spot:24243.6 Health:100% Fut:\u2705
2026-03-10 14:48:00,019 - INFO - \U0001f4be 14:47 Spot:24232.05 Health:100% Fut:\u2705
2026-03-10 14:49:00,020 - INFO - \U0001f4be 14:48 Spot:24203.05 Health:99% Fut:\u2705
2026-03-10 14:50:00,017 - INFO - \U0001f4be 14:49 Spot:24224.9 Health:100% Fut:\u2705
2026-03-10 14:51:00,022 - INFO - \U0001f4be 14:50 Spot:24216.4 Health:100% Fut:\u2705
2026-03-10 14:52:00,002 - INFO - \U0001f4be 14:51 Spot:24221.3 Health:100% Fut:\u2705
2026-03-10 14:53:00,021 - INFO - \U0001f4be 14:52 Spot:24220.9 Health:99% Fut:\u2705
2026-03-10 14:54:00,004 - INFO - \U0001f4be 14:53 Spot:24214.3 Health:100% Fut:\u2705
2026-03-10 14:55:00,027 - INFO - \U0001f4be 14:54 Spot:24215.0 Health:100% Fut:\u2705
2026-03-10 14:56:00,003 - INFO - \U0001f4be 14:55 Spot:24214.6 Health:100% Fut:\u2705
2026-03-10 14:57:00,017 - INFO - \U0001f4be 14:56 Spot:24217.65 Health:100% Fut:\u2705
2026-03-10 14:58:00,012 - INFO - \U0001f4be 14:57 Spot:24241.45 Health:99% Fut:\u2705
2026-03-10 14:59:00,024 - INFO - \U0001f4be 14:58 Spot:24245.9 Health:98% Fut:\u2705
2026-03-10 15:00:00,047 - INFO - \U0001f4be 14:59 Spot:24261.75 Health:99% Fut:\u2705
2026-03-10 15:01:00,013 - INFO - \U0001f4be 15:00 Spot:24261.45 Health:99% Fut:\u2705
2026-03-10 15:02:00,016 - INFO - \U0001f4be 15:01 Spot:24252.55 Health:99% Fut:\u2705
2026-03-10 15:03:00,018 - INFO - \U0001f4be 15:02 Spot:24245.5 Health:100% Fut:\u2705
2026-03-10 15:04:00,019 - INFO - \U0001f4be 15:03 Spot:24273.85 Health:99% Fut:\u2705
2026-03-10 15:05:00,017 - INFO - \U0001f4be 15:04 Spot:24265.4 Health:100% Fut:\u2705
2026-03-10 15:06:00,022 - INFO - \U0001f4be 15:05 Spot:24264.4 Health:99% Fut:\u2705
2026-03-10 15:07:00,008 - INFO - \U0001f4be 15:06 Spot:24257.15 Health:100% Fut:\u2705
2026-03-10 15:08:00,001 - INFO - \U0001f4be 15:07 Spot:24264.65 Health:100% Fut:\u2705
2026-03-10 15:09:00,017 - INFO - \U0001f4be 15:08 Spot:24250.75 Health:100% Fut:\u2705
2026-03-10 15:10:00,017 - INFO - \U0001f4be 15:09 Spot:24258.9 Health:100% Fut:\u2705
2026-03-10 15:11:00,017 - INFO - \U0001f4be 15:10 Spot:24259.35 Health:98% Fut:\u2705
2026-03-10 15:12:00,019 - INFO - \U0001f4be 15:11 Spot:24256.45 Health:99% Fut:\u2705
2026-03-10 15:13:00,002 - INFO - \U0001f4be 15:12 Spot:24264.0 Health:98% Fut:\u2705
2026-03-10 15:14:00,007 - INFO - \U0001f4be 15:13 Spot:24262.45 Health:100% Fut:\u2705
2026-03-10 15:15:00,005 - INFO - \U0001f4be 15:14 Spot:24232.1 Health:99% Fut:\u2705
2026-03-10 15:16:00,017 - INFO - \U0001f4be 15:15 Spot:24234.55 Health:99% Fut:\u2705
2026-03-10 15:16:54,865 - ERROR - error from callback <bound method SmartWebSocketV2._on_error of <SmartApi.smartWebSocketV2.SmartWebSocketV2 object at 0x00000265C7C23E10>>: SmartWebSocketV2.on_error() takes 1 positional argument but 3 were given
2026-03-10 15:16:54,865 - ERROR - Connection to remote host was lost. - goodbye
2026-03-10 15:16:54,865 - ERROR - error from callback <bound method SmartWebSocketV2._on_close of <SmartApi.smartWebSocketV2.SmartWebSocketV2 object at 0x00000265C7C23E10>>: SmartWebSocketV2._on_close() takes 2 positional arguments but 4 were given
2026-03-10 15:16:54,867 - INFO - tearing down on exception SmartWebSocketV2.on_error() takes 1 positional argument but 3 were given
2026-03-10 15:16:54,867 - INFO - \u267b\ufe0f Reconnectingģ
2026-03-10 15:17:00,003 - INFO - \U0001f4be 15:16 Spot:24223.55 Health:100% Fut:\u2705
2026-03-10 15:17:00,258 - INFO - \u2705 Login OK
2026-03-10 15:17:02,915 - INFO - \U0001f3af Map: center=24300, tracking=160 (▒2000)
2026-03-10 15:17:02,919 - INFO - \U0001f517 WebSocket connectingģ
2026-03-10 15:17:03,767 - INFO - Websocket connected
2026-03-10 15:18:00,017 - INFO - \U0001f4be 15:17 Spot:24280.05 Health:100% Fut:\u2705
2026-03-10 15:19:00,004 - INFO - \U0001f4be 15:18 Spot:24278.9 Health:99% Fut:\u2705
2026-03-10 15:20:00,018 - INFO - \U0001f4be 15:19 Spot:24274.0 Health:99% Fut:\u2705
2026-03-10 15:20:24,406 - INFO - tearing down on exception 
